<?xml version="1.0" encoding="UTF-8"?>
<testsuite xmlns:xsi="http://www.w3.org/2001/XMLSchema-instance" xsi:noNamespaceSchemaLocation="https://maven.apache.org/surefire/maven-surefire-plugin/xsd/surefire-test-report.xsd" name="com.swiggy.MagicalArenaGame.UnitTests.TestPlayer" time="0.001" tests="7" errors="0" skipped="0" failures="0">
  <properties>
    <property name="java.specification.version" value="19"/>
    <property name="sun.cpu.isalist" value="amd64"/>
    <property name="sun.jnu.encoding" value="Cp1252"/>
    <property name="java.class.path" value="D:\downl\Downloads\Swiggy Round2\Swiggy Assignment\MagicalArenaGame\MagicalArenaGame\target\test-classes;D:\downl\Downloads\Swiggy Round2\Swiggy Assignment\MagicalArenaGame\MagicalArenaGame\target\classes;C:\Users\User\.m2\repository\junit\junit\4.11\junit-4.11.jar;C:\Users\User\.m2\repository\org\hamcrest\hamcrest-core\1.3\hamcrest-core-1.3.jar;"/>
    <property name="java.vm.vendor" value="Oracle Corporation"/>
    <property name="sun.arch.data.model" value="64"/>
    <property name="user.variant" value=""/>
    <property name="java.vendor.url" value="https://java.oracle.com/"/>
    <property name="user.timezone" value="Asia/Calcutta"/>
    <property name="os.name" value="Windows 10"/>
    <property name="java.vm.specification.version" value="19"/>
    <property name="sun.java.launcher" value="SUN_STANDARD"/>
    <property name="user.country" value="IN"/>
    <property name="sun.boot.library.path" value="C:\Program Files\Java\jdk-19\bin"/>
    <property name="sun.java.command" value="C:\Users\User\AppData\Local\Temp\surefire11844825299003968673\surefirebooter1272144746305842605.jar C:\Users\User\AppData\Local\Temp\surefire11844825299003968673 2024-06-13T20-35-35_655-jvmRun1 surefire7899976086309145814tmp surefire_07117103594092535738tmp"/>
    <property name="jdk.debug" value="release"/>
    <property name="surefire.test.class.path" value="D:\downl\Downloads\Swiggy Round2\Swiggy Assignment\MagicalArenaGame\MagicalArenaGame\target\test-classes;D:\downl\Downloads\Swiggy Round2\Swiggy Assignment\MagicalArenaGame\MagicalArenaGame\target\classes;C:\Users\User\.m2\repository\junit\junit\4.11\junit-4.11.jar;C:\Users\User\.m2\repository\org\hamcrest\hamcrest-core\1.3\hamcrest-core-1.3.jar;"/>
    <property name="sun.cpu.endian" value="little"/>
    <property name="user.home" value="C:\Users\User"/>
    <property name="user.language" value="en"/>
    <property name="java.specification.vendor" value="Oracle Corporation"/>
    <property name="java.version.date" value="2023-01-17"/>
    <property name="java.home" value="C:\Program Files\Java\jdk-19"/>
    <property name="file.separator" value="\"/>
    <property name="basedir" value="D:\downl\Downloads\Swiggy Round2\Swiggy Assignment\MagicalArenaGame\MagicalArenaGame"/>
    <property name="style.color" value="always"/>
    <property name="java.vm.compressedOopsMode" value="32-bit"/>
    <property name="line.separator" value="&#10;"/>
    <property name="java.vm.specification.vendor" value="Oracle Corporation"/>
    <property name="java.specification.name" value="Java Platform API Specification"/>
    <property name="surefire.real.class.path" value="C:\Users\User\AppData\Local\Temp\surefire11844825299003968673\surefirebooter1272144746305842605.jar"/>
    <property name="user.script" value=""/>
    <property name="sun.management.compiler" value="HotSpot 64-Bit Tiered Compilers"/>
    <property name="java.runtime.version" value="19.0.2+7-44"/>
    <property name="user.name" value="User"/>
    <property name="stdout.encoding" value="Cp1252"/>
    <property name="path.separator" value=";"/>
    <property name="os.version" value="10.0"/>
    <property name="java.runtime.name" value="Java(TM) SE Runtime Environment"/>
    <property name="file.encoding" value="UTF-8"/>
    <property name="java.vm.name" value="Java HotSpot(TM) 64-Bit Server VM"/>
    <property name="localRepository" value="C:\Users\User\.m2\repository"/>
    <property name="java.vendor.url.bug" value="https://bugreport.java.com/bugreport/"/>
    <property name="java.io.tmpdir" value="C:\Users\User\AppData\Local\Temp\"/>
    <property name="java.version" value="19.0.2"/>
    <property name="user.dir" value="D:\downl\Downloads\Swiggy Round2\Swiggy Assignment\MagicalArenaGame\MagicalArenaGame"/>
    <property name="os.arch" value="amd64"/>
    <property name="java.vm.specification.name" value="Java Virtual Machine Specification"/>
    <property name="sun.os.patch.level" value=""/>
    <property name="native.encoding" value="Cp1252"/>
    <property name="java.library.path" value="C:\Program Files\Java\jdk-19\bin;C:\Windows\Sun\Java\bin;C:\Windows\system32;C:\Windows;C:\ProgramData\Anaconda3\condabin;C:\Program Files\ImageMagick-7.1.1-Q16-HDRI;C:\Program Files\Common Files\Oracle\Java\javapath;C:\Windows\system32;C:\Windows;C:\Windows\System32\Wbem;C:\Windows\System32\WindowsPowerShell\v1.0\;C:\Windows\System32\OpenSSH\;C:\Program Files\Git\cmd;C:\Program Files\nodejs\;C:\ProgramData\Anaconda3\Scripts;C:\ProgramData\Anaconda3\;C:\TDM-GCC-64\bin;C:\Program Files\Docker\Docker\resources\bin;C:\ProgramData\DockerDesktop\version-bin;C:\Users\User\AppData\Roaming\Python\Python39\Scripts;C:\Program Files\dotnet\;C:\Users\User\AppData\Local\Microsoft\WindowsApps;C:\Users\User\AppData\Local\Programs\Microsoft VS Code\bin;C:\Users\User\AppData\Roaming\npm;C:\ProgramData\Anaconda3\Scripts;C:\ProgramData\Anaconda3\;C:\Users\User\AppData\Roaming\Python\Python39\Scripts;;C:\Program Files\JetBrains\IntelliJ IDEA Community Edition 2023.2.2\bin;;C:\Users\User\.dotnet\tools;."/>
    <property name="java.vm.info" value="mixed mode, sharing"/>
    <property name="stderr.encoding" value="Cp1252"/>
    <property name="java.vendor" value="Oracle Corporation"/>
    <property name="java.vm.version" value="19.0.2+7-44"/>
    <property name="sun.io.unicode.encoding" value="UnicodeLittle"/>
    <property name="java.class.version" value="63.0"/>
  </properties>
  <testcase name="testPlayerHealthDecreasesWithDamage" classname="com.swiggy.MagicalArenaGame.UnitTests.TestPlayer" time="0"/>
  <testcase name="testValidPlayerIsCreated" classname="com.swiggy.MagicalArenaGame.UnitTests.TestPlayer" time="0"/>
  <testcase name="testPlayerIsAliveAfterPartialDamage" classname="com.swiggy.MagicalArenaGame.UnitTests.TestPlayer" time="0"/>
  <testcase name="testPlayerHealthResets" classname="com.swiggy.MagicalArenaGame.UnitTests.TestPlayer" time="0"/>
  <testcase name="testPlayerAttack" classname="com.swiggy.MagicalArenaGame.UnitTests.TestPlayer" time="0"/>
  <testcase name="testPlayerDefend" classname="com.swiggy.MagicalArenaGame.UnitTests.TestPlayer" time="0"/>
  <testcase name="testPlayerIsDeadAfterFullDamage" classname="com.swiggy.MagicalArenaGame.UnitTests.TestPlayer" time="0"/>
</testsuite>